<?xml version="1.0" encoding="UTF-8"?>
<!-- Generated by org.testng.reporters.JUnitReportReporter -->
<testsuite hostname="DharminShah" failures="0" tests="2" name="Weather.Shopping.EndToEndBuyProduct" time="6.505" errors="0" timestamp="2021-12-06T12:07:34 EST" skipped="0">
  <testcase classname="Weather.Shopping.EndToEndBuyProduct" name="addToCartProduct" time="1.890"/>
  <system-out/>
  <testcase classname="Weather.Shopping.EndToEndBuyProduct" name="checkout" time="4.615"/>
  <system-out/>
</testsuite> <!-- Weather.Shopping.EndToEndBuyProduct -->
